{
  "stats": {
    "suites": 3,
    "tests": 4,
    "passes": 4,
    "pending": 0,
    "failures": 0,
    "start": "2021-12-28T11:37:53.909Z",
    "end": "2021-12-28T11:39:59.922Z",
    "duration": 82994,
    "testsRegistered": 4,
    "passPercent": 100,
    "pendingPercent": 0,
    "other": 0,
    "hasOther": false,
    "skipped": 0,
    "hasSkipped": false
  },
  "results": [
    {
      "uuid": "a73090b9-199f-4f0b-94d4-49c2bf0fe4f7",
      "title": "",
      "fullFile": "cypress/integration/form.feature",
      "file": "cypress/integration/form.feature",
      "beforeHooks": [],
      "afterHooks": [],
      "tests": [],
      "suites": [
        {
          "uuid": "adaf7257-e47c-423c-a633-89958ffe79d9",
          "title": "Form Fill",
          "fullFile": "",
          "file": "",
          "beforeHooks": [],
          "afterHooks": [],
          "tests": [
            {
              "title": "Filling the form",
              "fullTitle": "Form Fill Filling the form",
              "timedOut": null,
              "duration": 23131,
              "state": "passed",
              "speed": "slow",
              "pass": true,
              "fail": false,
              "pending": false,
              "context": null,
              "code": "const state = window.testState;\nreturn cy\n  .then(() => state.onStartScenario(scenario, indexedSteps))\n  .then(() =>\n    resolveAndRunBeforeHooks.call(this, scenario.tags, state.feature.name)\n  )\n  .then(() =>\n    indexedSteps.forEach((step) =>\n      stepTest.call(this, state, step, rowData)\n    )\n  )\n  .then(() => state.onFinishScenario(scenario));",
              "err": {},
              "uuid": "fb548888-06f9-4d22-a75d-57b28db735e8",
              "parentUUID": "adaf7257-e47c-423c-a633-89958ffe79d9",
              "isHook": false,
              "skipped": false
            },
            {
              "title": "Error Filling Form",
              "fullTitle": "Form Fill Error Filling Form",
              "timedOut": null,
              "duration": 25130,
              "state": "passed",
              "speed": "slow",
              "pass": true,
              "fail": false,
              "pending": false,
              "context": null,
              "code": "const state = window.testState;\nreturn cy\n  .then(() => state.onStartScenario(scenario, indexedSteps))\n  .then(() =>\n    resolveAndRunBeforeHooks.call(this, scenario.tags, state.feature.name)\n  )\n  .then(() =>\n    indexedSteps.forEach((step) =>\n      stepTest.call(this, state, step, rowData)\n    )\n  )\n  .then(() => state.onFinishScenario(scenario));",
              "err": {},
              "uuid": "c12b83fe-234a-47f6-a6d7-7ea5bbaee3c0",
              "parentUUID": "adaf7257-e47c-423c-a633-89958ffe79d9",
              "isHook": false,
              "skipped": false
            }
          ],
          "suites": [],
          "passes": [
            "fb548888-06f9-4d22-a75d-57b28db735e8",
            "c12b83fe-234a-47f6-a6d7-7ea5bbaee3c0"
          ],
          "failures": [],
          "pending": [],
          "skipped": [],
          "duration": 48261,
          "root": false,
          "rootEmpty": false,
          "_timeout": 2000
        }
      ],
      "passes": [],
      "failures": [],
      "pending": [],
      "skipped": [],
      "duration": 0,
      "root": true,
      "rootEmpty": true,
      "_timeout": 2000
    },
    {
      "uuid": "490a5e15-39ae-4145-899e-825b146a9036",
      "title": "",
      "fullFile": "cypress/integration/Test1.feature",
      "file": "cypress/integration/Test1.feature",
      "beforeHooks": [],
      "afterHooks": [],
      "tests": [],
      "suites": [
        {
          "uuid": "75490701-9d8d-4229-a542-f0fa06988f28",
          "title": "demo.wpeverest.com Login",
          "fullFile": "",
          "file": "",
          "beforeHooks": [],
          "afterHooks": [],
          "tests": [
            {
              "title": "Login to the application",
              "fullTitle": "demo.wpeverest.com Login Login to the application",
              "timedOut": null,
              "duration": 18154,
              "state": "passed",
              "speed": "slow",
              "pass": true,
              "fail": false,
              "pending": false,
              "context": null,
              "code": "const state = window.testState;\nreturn cy\n  .then(() => state.onStartScenario(scenario, indexedSteps))\n  .then(() =>\n    resolveAndRunBeforeHooks.call(this, scenario.tags, state.feature.name)\n  )\n  .then(() =>\n    indexedSteps.forEach((step) =>\n      stepTest.call(this, state, step, rowData)\n    )\n  )\n  .then(() => state.onFinishScenario(scenario));",
              "err": {},
              "uuid": "e9e739aa-272c-4e75-a226-1344c187be0d",
              "parentUUID": "75490701-9d8d-4229-a542-f0fa06988f28",
              "isHook": false,
              "skipped": false
            }
          ],
          "suites": [],
          "passes": [
            "e9e739aa-272c-4e75-a226-1344c187be0d"
          ],
          "failures": [],
          "pending": [],
          "skipped": [],
          "duration": 18154,
          "root": false,
          "rootEmpty": false,
          "_timeout": 2000
        }
      ],
      "passes": [],
      "failures": [],
      "pending": [],
      "skipped": [],
      "duration": 0,
      "root": true,
      "rootEmpty": true,
      "_timeout": 2000
    },
    {
      "uuid": "3ad79838-8acf-42e4-b97c-0b35527df2fa",
      "title": "",
      "fullFile": "cypress/integration/auto.feature",
      "file": "cypress/integration/auto.feature",
      "beforeHooks": [],
      "afterHooks": [],
      "tests": [],
      "suites": [
        {
          "uuid": "07a04fee-1149-47df-8c1e-7e9c5170675e",
          "title": "demo.wpeverest.com Automation Practice Form",
          "fullFile": "",
          "file": "",
          "beforeHooks": [],
          "afterHooks": [],
          "tests": [
            {
              "title": "Automation Practice Form",
              "fullTitle": "demo.wpeverest.com Automation Practice Form Automation Practice Form",
              "timedOut": null,
              "duration": 16579,
              "state": "passed",
              "speed": "slow",
              "pass": true,
              "fail": false,
              "pending": false,
              "context": null,
              "code": "const state = window.testState;\nreturn cy\n  .then(() => state.onStartScenario(scenario, indexedSteps))\n  .then(() =>\n    resolveAndRunBeforeHooks.call(this, scenario.tags, state.feature.name)\n  )\n  .then(() =>\n    indexedSteps.forEach((step) =>\n      stepTest.call(this, state, step, rowData)\n    )\n  )\n  .then(() => state.onFinishScenario(scenario));",
              "err": {},
              "uuid": "7d49e4b5-d554-4247-922a-11eb01c4acd7",
              "parentUUID": "07a04fee-1149-47df-8c1e-7e9c5170675e",
              "isHook": false,
              "skipped": false
            }
          ],
          "suites": [],
          "passes": [
            "7d49e4b5-d554-4247-922a-11eb01c4acd7"
          ],
          "failures": [],
          "pending": [],
          "skipped": [],
          "duration": 16579,
          "root": false,
          "rootEmpty": false,
          "_timeout": 2000
        }
      ],
      "passes": [],
      "failures": [],
      "pending": [],
      "skipped": [],
      "duration": 0,
      "root": true,
      "rootEmpty": true,
      "_timeout": 2000
    }
  ],
  "meta": {
    "mocha": {
      "version": "7.0.1"
    },
    "mochawesome": {
      "options": {
        "quiet": false,
        "reportFilename": "mochawesome",
        "saveHtml": false,
        "saveJson": true,
        "consoleReporter": "spec",
        "useInlineDiffs": false,
        "code": true
      },
      "version": "7.0.1"
    },
    "marge": {
      "options": {
        "id": "default",
        "reportDir": "cypress/reports/mocha",
        "quite": true,
        "overwrite": false,
        "html": false,
        "json": true
      },
      "version": "6.0.1"
    }
  }
}